<?xml version="1.0" encoding="UTF-8"?>
<testng-results ignored="0" total="1" passed="1" failed="0" skipped="0">
  <reporter-output>
  </reporter-output>
  <suite started-at="2024-04-01T03:53:27 EET" name="Default suite" finished-at="2024-04-01T03:53:41 EET" duration-ms="14258">
    <groups>
    </groups>
    <test started-at="2024-04-01T03:53:27 EET" name="Default test" finished-at="2024-04-01T03:53:41 EET" duration-ms="14258">
      <class name="ApplicationTestCases.TestCases">
        <test-method is-config="true" signature="setup()[pri:0, instance:ApplicationTestCases.TestCases@1bd4fdd]" started-at="2024-04-01T03:53:27 EET" name="setup" finished-at="2024-04-01T03:53:27 EET" duration-ms="11" status="PASS">
          <reporter-output>
          </reporter-output>
        </test-method> <!-- setup -->
        <test-method signature="ClickOnTheEvenNmber()[pri:0, instance:ApplicationTestCases.TestCases@1bd4fdd]" started-at="2024-04-01T03:53:27 EET" name="ClickOnTheEvenNmber" finished-at="2024-04-01T03:53:41 EET" duration-ms="14211" status="PASS">
          <reporter-output>
          </reporter-output>
        </test-method> <!-- ClickOnTheEvenNmber -->
      </class> <!-- ApplicationTestCases.TestCases -->
    </test> <!-- Default test -->
  </suite> <!-- Default suite -->
</testng-results>
